Arguments: 
  D:\nodejs\node.exe D:\nodejs\node_modules\yarn\bin\yarn.js add webpack webpack-cli webpack-dev-server html-webpack-plugin babel @babel/cor @babel/preset-env -D

PATH: 
  C:\WINDOWS\system32;C:\WINDOWS;C:\WINDOWS\System32\Wbem;C:\WINDOWS\System32\WindowsPowerShell\v1.0\;C:\WINDOWS\System32\OpenSSH\;D:\python\Scripts\;D:\python\;D:\微信web开发者工具\dll;D:\mys;l\bin;D:\nvm;D:\nodejs;D:\mysql8\bin;D:\jdk-18.0.1.1\bin;D:\jdk-18.0.1.1\jre\bin;C:\Program Files (x86)\dotnet\;D:\mingw64\bin;D:\Git\cmd;C:\Users\Rose\AppData\Local\Yarn\bin;D:\anaconda3;D:\anaconda3\Library\mingw-w64\bin;D:\anaconda3\Library\usr\bin;D:\anaconda3\Library\bin;D:\anaconda3\Scripts;C:\Users\Rose\AppData\Local\Microsoft\WindowsApps;D:\nvm;D:\nodejs;D:\Microsoft VS Code\bin;D:\WebStorm 2021.1.3\bin;

Yarn version: 
  1.22.19

Node version: 
  16.15.0

Platform: 
  win32 x64

Trace: 
  Error: https://registry.npm.taobao.org/@babel%2fcor: [NOT_FOUND] @babel/cor not found
      at Request.params.callback [as _callback] (D:\nvm\v16.15.0\node_modules\yarn\lib\cli.js:66145:18)
      at Request.self.callback (D:\nvm\v16.15.0\node_modules\yarn\lib\cli.js:140890:22)
      at Request.emit (node:events:527:28)
      at Request.<anonymous> (D:\nvm\v16.15.0\node_modules\yarn\lib\cli.js:141862:10)
      at Request.emit (node:events:527:28)
      at Gunzip.<anonymous> (D:\nvm\v16.15.0\node_modules\yarn\lib\cli.js:141784:12)
      at Object.onceWrapper (node:events:641:28)
      at Gunzip.emit (node:events:527:28)
      at endReadableNT (node:internal/streams/readable:1345:12)
      at processTicksAndRejections (node:internal/process/task_queues:83:21)

npm manifest: 
  {
    "name": "vue-source",
    "version": "1.0.0",
    "main": "index.js",
    "license": "MIT"
  }

yarn manifest: 
  No manifest

Lockfile: 
  No lockfile
